<?xml version="1.0" encoding="UTF-8"?>
<testng-results skipped="0" failed="0" ignored="0" total="1" passed="1">
  <reporter-output>
  </reporter-output>
  <suite name="Suite" duration-ms="57129" started-at="2019-02-14T00:38:38Z" finished-at="2019-02-14T00:39:35Z">
    <groups>
      <group name="cucumber">
        <method signature="AbstractTestNGCucumberTests.feature(cucumber.api.testng.CucumberFeatureWrapper)[pri:0, instance:runners.TestRunner@20322d26]" name="feature" class="cucumber.api.testng.AbstractTestNGCucumberTests"/>
      </group> <!-- cucumber -->
    </groups>
    <test name="Equal experts hotel booking form" duration-ms="57129" started-at="2019-02-14T00:38:38Z" finished-at="2019-02-14T00:39:35Z">
      <class name="runners.TestRunner">
        <test-method status="PASS" signature="setUpClass()[pri:0, instance:runners.TestRunner@20322d26]" name="setUpClass" is-config="true" duration-ms="431" started-at="2019-02-14T00:38:38Z" finished-at="2019-02-14T00:38:38Z">
          <reporter-output>
          </reporter-output>
        </test-method> <!-- setUpClass -->
        <test-method status="PASS" signature="feature(cucumber.api.testng.CucumberFeatureWrapper)[pri:0, instance:runners.TestRunner@20322d26]" name="feature" duration-ms="56072" started-at="2019-02-14T00:38:38Z" description="Runs Cucumber Feature" data-provider="features" finished-at="2019-02-14T00:39:34Z">
          <params>
            <param index="0">
              <value>
                <![CDATA[Automated End2End Tests]]>
              </value>
            </param>
          </params>
          <reporter-output>
          </reporter-output>
        </test-method> <!-- feature -->
        <test-method status="PASS" signature="writeExtentReport()[pri:0, instance:runners.TestRunner@20322d26]" name="writeExtentReport" is-config="true" duration-ms="17" started-at="2019-02-14T00:39:34Z" finished-at="2019-02-14T00:39:34Z">
          <reporter-output>
          </reporter-output>
        </test-method> <!-- writeExtentReport -->
        <test-method status="PASS" signature="tearDownClass()[pri:0, instance:runners.TestRunner@20322d26]" name="tearDownClass" is-config="true" duration-ms="467" started-at="2019-02-14T00:39:34Z" finished-at="2019-02-14T00:39:35Z">
          <reporter-output>
          </reporter-output>
        </test-method> <!-- tearDownClass -->
      </class> <!-- runners.TestRunner -->
    </test> <!-- Equal experts hotel booking form -->
  </suite> <!-- Suite -->
</testng-results>
